[debug] [2023-01-22T05:53:16.688Z] ----------------------------------------------------------------------
[debug] [2023-01-22T05:53:16.690Z] Command:       C:\Program Files\nodejs\node.exe C:\Users\Vijay-PC\AppData\Roaming\npm\node_modules\firebase-tools\lib\bin\firebase.js deploy
[debug] [2023-01-22T05:53:16.690Z] CLI Version:   11.16.1
[debug] [2023-01-22T05:53:16.691Z] Platform:      win32
[debug] [2023-01-22T05:53:16.691Z] Node Version:  v16.14.0
[debug] [2023-01-22T05:53:16.691Z] Time:          Sun Jan 22 2023 11:23:16 GMT+0530 (India Standard Time)
[debug] [2023-01-22T05:53:16.691Z] ----------------------------------------------------------------------
[debug] 
[debug] [2023-01-22T05:53:16.753Z] > command requires scopes: ["email","openid","https://www.googleapis.com/auth/cloudplatformprojects.readonly","https://www.googleapis.com/auth/firebase","https://www.googleapis.com/auth/cloud-platform"]
[debug] [2023-01-22T05:53:16.754Z] > authorizing via signed-in user (vijayrocky648@gmail.com)
[debug] [2023-01-22T05:53:16.754Z] [iam] checking project vijayportfolio-49514 for permissions ["firebase.projects.get","firebasehosting.sites.update"]
[debug] [2023-01-22T05:53:16.755Z] > refreshing access token with scopes: []
[debug] [2023-01-22T05:53:16.757Z] >>> [apiv2][query] POST https://www.googleapis.com/oauth2/v3/token [none]
[debug] [2023-01-22T05:53:16.757Z] >>> [apiv2][body] POST https://www.googleapis.com/oauth2/v3/token [omitted]
[debug] [2023-01-22T05:53:17.389Z] <<< [apiv2][status] POST https://www.googleapis.com/oauth2/v3/token 400
[debug] [2023-01-22T05:53:17.389Z] <<< [apiv2][body] POST https://www.googleapis.com/oauth2/v3/token [omitted]
[debug] [2023-01-22T05:53:17.389Z] >>> [apiv2][query] POST https://cloudresourcemanager.googleapis.com/v1/projects/vijayportfolio-49514:testIamPermissions [none]
[debug] [2023-01-22T05:53:17.389Z] >>> [apiv2][(partial)header] POST https://cloudresourcemanager.googleapis.com/v1/projects/vijayportfolio-49514:testIamPermissions x-goog-quota-user=projects/vijayportfolio-49514
[debug] [2023-01-22T05:53:17.389Z] >>> [apiv2][body] POST https://cloudresourcemanager.googleapis.com/v1/projects/vijayportfolio-49514:testIamPermissions {"permissions":["firebase.projects.get","firebasehosting.sites.update"]}
[debug] [2023-01-22T05:53:18.454Z] <<< [apiv2][status] POST https://cloudresourcemanager.googleapis.com/v1/projects/vijayportfolio-49514:testIamPermissions 401
[debug] [2023-01-22T05:53:18.454Z] <<< [apiv2][body] POST https://cloudresourcemanager.googleapis.com/v1/projects/vijayportfolio-49514:testIamPermissions {"error":{"code":401,"message":"Request had invalid authentication credentials. Expected OAuth 2 access token, login cookie or other valid authentication credential. See https://developers.google.com/identity/sign-in/web/devconsole-project.","status":"UNAUTHENTICATED","details":[{"@type":"type.googleapis.com/google.rpc.ErrorInfo","reason":"ACCESS_TOKEN_TYPE_UNSUPPORTED","metadata":{"service":"cloudresourcemanager.googleapis.com","method":"google.cloudresourcemanager.v1.Projects.TestIamPermissions"}}]}}
[debug] [2023-01-22T05:53:18.455Z] [iam] error while checking permissions, command may fail: FirebaseError: HTTP Error: 401, Request had invalid authentication credentials. Expected OAuth 2 access token, login cookie or other valid authentication credential. See https://developers.google.com/identity/sign-in/web/devconsole-project.
[debug] [2023-01-22T05:53:18.455Z] > refreshing access token with scopes: []
[debug] [2023-01-22T05:53:18.456Z] >>> [apiv2][query] POST https://www.googleapis.com/oauth2/v3/token [none]
[debug] [2023-01-22T05:53:18.456Z] >>> [apiv2][body] POST https://www.googleapis.com/oauth2/v3/token [omitted]
[debug] [2023-01-22T05:53:18.987Z] <<< [apiv2][status] POST https://www.googleapis.com/oauth2/v3/token 400
[debug] [2023-01-22T05:53:18.987Z] <<< [apiv2][body] POST https://www.googleapis.com/oauth2/v3/token [omitted]
[debug] [2023-01-22T05:53:18.988Z] >>> [apiv2][query] GET https://firebase.googleapis.com/v1beta1/projects/vijayportfolio-49514 [none]
[debug] [2023-01-22T05:53:19.798Z] <<< [apiv2][status] GET https://firebase.googleapis.com/v1beta1/projects/vijayportfolio-49514 401
[debug] [2023-01-22T05:53:19.799Z] <<< [apiv2][body] GET https://firebase.googleapis.com/v1beta1/projects/vijayportfolio-49514 {"error":{"code":401,"message":"Request had invalid authentication credentials. Expected OAuth 2 access token, login cookie or other valid authentication credential. See https://developers.google.com/identity/sign-in/web/devconsole-project.","status":"UNAUTHENTICATED"}}
[debug] [2023-01-22T05:53:19.799Z] HTTP Error: 401, Request had invalid authentication credentials. Expected OAuth 2 access token, login cookie or other valid authentication credential. See https://developers.google.com/identity/sign-in/web/devconsole-project.
[debug] [2023-01-22T05:53:20.123Z] FirebaseError: HTTP Error: 401, Request had invalid authentication credentials. Expected OAuth 2 access token, login cookie or other valid authentication credential. See https://developers.google.com/identity/sign-in/web/devconsole-project.
    at responseToError (C:\Users\Vijay-PC\AppData\Roaming\npm\node_modules\firebase-tools\lib\responseToError.js:49:12)
    at RetryOperation._fn (C:\Users\Vijay-PC\AppData\Roaming\npm\node_modules\firebase-tools\lib\apiv2.js:288:77)
    at processTicksAndRejections (node:internal/process/task_queues:96:5)
[error] 
[error] Error: Failed to get Firebase project vijayportfolio-49514. Please make sure the project exists and your account has permission to access it.
